<?xml version="1.0" encoding="UTF-8"?>
<!-- Generated by org.testng.reporters.JUnitReportReporter -->
<testsuite hostname="DESKTOP-M147S54" failures="0" tests="2" name="automationExercise.tests.AutomationExerciseSignUp" time="6.518" errors="0" timestamp="2022-01-21T13:44:02 EET" skipped="0">
  <testcase classname="automationExercise.tests.AutomationExerciseSignUp" name="navigateToSignUpPage" time="5.440"/>
  <system-out/>
  <testcase classname="automationExercise.tests.AutomationExerciseSignUp" name="SignUpNow" time="1.078"/>
  <system-out/>
</testsuite> <!-- automationExercise.tests.AutomationExerciseSignUp -->
